<?xml version="1.0" encoding="UTF-8"?>
<!-- Generated by org.testng.reporters.JUnitXMLReporter -->
<testsuite hostname="RayPC" name="Test" tests="4" failures="0" timestamp="24 Apr 2020 00:42:17 GMT" time="73.627" errors="0">
  <testcase name="basePageNavigation" time="11.068" classname="Academy.validateTitle"/>
  <testcase name="basePageNavigation" time="4.831" classname="Academy.validateNavigationBar"/>
  <testcase name="basePageNavigation" time="24.92" classname="Academy.HomePage"/>
  <testcase name="basePageNavigation" time="21.246" classname="Academy.HomePage"/>
</testsuite> <!-- Test -->
