<?xml version="1.0" encoding="UTF-8"?>
<!-- Generated by org.testng.reporters.JUnitXMLReporter -->
<testsuite hostname="RayPC" ignored="0" name="Validate the Title of Home Page" tests="1" failures="1" timestamp="2020-04-24T14:35:32 EDT" time="15.617" errors="0">
  <testcase name="basePageNavigation" time="3.747" classname="Academy.validateTitle">
    <failure type="java.lang.AssertionError" message="expected [FEATURED COURSES ABC] but found [FEATURED COURSES]">
      <![CDATA[java.lang.AssertionError: expected [FEATURED COURSES ABC] but found [FEATURED COURSES]
at Academy.validateTitle.basePageNavigation(validateTitle.java:34)
at java.util.ArrayList.forEach(Unknown Source)
... Removed 32 stack frames]]>
    </failure>
  </testcase> <!-- basePageNavigation -->
</testsuite> <!-- Validate the Title of Home Page -->
