<?xml version="1.0" encoding="UTF-8"?>
<!-- Generated by org.testng.reporters.JUnitXMLReporter -->
<testsuite hostname="RayPC" name="Test" tests="4" failures="0" timestamp="24 Apr 2020 01:48:53 GMT" time="71.538" errors="0">
  <testcase name="basePageNavigation" time="9.493" classname="Academy.validateTitle"/>
  <testcase name="basePageNavigation" time="4.744" classname="Academy.validateNavigationBar"/>
  <testcase name="basePageNavigation" time="24.291" classname="Academy.HomePage"/>
  <testcase name="basePageNavigation" time="21.378" classname="Academy.HomePage"/>
</testsuite> <!-- Test -->
