<?xml version="1.0" encoding="UTF-8"?>
<testsuite xmlns:xsi="http://www.w3.org/2001/XMLSchema-instance" xsi:noNamespaceSchemaLocation="https://maven.apache.org/surefire/maven-surefire-plugin/xsd/surefire-test-report-3.0.xsd" version="3.0" name="TestSuite" time="56.423" tests="4" errors="0" skipped="0" failures="0">
  <properties>
[...]
</properties>
  <testcase name="basePageNavigation" classname="Academy.validateTitle" time="4.375"/>
  <testcase name="basePageNavigation" classname="Academy.validateNavigationBar" time="3.589"/>
  <testcase name="basePageNavigation" classname="Academy.HomePage" time="12.838"/>
  <testcase name="basePageNavigation" classname="Academy.HomePage" time="6.44"/>
</testsuite>